<?xml version="1.0" encoding="UTF-8"?>
<!-- Generated by org.testng.reporters.JUnitXMLReporter -->
<testsuite ignored="0" hostname="DESKTOP-9LEBHP0" failures="0" tests="20" name="Default test" time="21.962" errors="0" timestamp="2023-06-15T03:02:12 IST">
  <testcase classname="genprotask.Testcases" name="login_emptyFields" time="0.665"/>
  <testcase classname="genprotask.Testcases" name="login_emptyPassword" time="0.428"/>
  <testcase classname="genprotask.Testcases" name="login_emptyUsername" time="0.284"/>
  <testcase classname="genprotask.Testcases" name="login_invalidData" time="0.379"/>
  <testcase classname="genprotask.Testcases" name="login_validData" time="2.029"/>
  <testcase classname="genprotask.Testcases" name="products_sortLowtohigh" time="0.205"/>
  <testcase classname="genprotask.Testcases" name="products_addTocart" time="0.39"/>
  <testcase classname="genprotask.Testcases" name="cart_remove" time="0.267"/>
  <testcase classname="genprotask.Testcases" name="checkout_emptyFields" time="0.541"/>
  <testcase classname="genprotask.Testcases" name="checkout_onlyFirstname" time="0.385"/>
  <testcase classname="genprotask.Testcases" name="checkout_onlyLastname" time="0.307"/>
  <testcase classname="genprotask.Testcases" name="checkout_onlyZip" time="0.31"/>
  <testcase classname="genprotask.Testcases" name="checkout_noFirstname" time="0.366"/>
  <testcase classname="genprotask.Testcases" name="checkout_noLastname" time="0.317"/>
  <testcase classname="genprotask.Testcases" name="checkout_noZip" time="0.549"/>
  <testcase classname="genprotask.Testcases" name="checkout_validData" time="0.27"/>
  <testcase classname="genprotask.Testcases" name="checkout_itemTotal" time="0.094"/>
  <testcase classname="genprotask.Testcases" name="checkout_totalWithTax" time="0.035"/>
  <testcase classname="genprotask.Testcases" name="checkout_finishAndBackToHome" time="0.112"/>
  <testcase classname="genprotask.Testcases" name="logout" time="3.122"/>
</testsuite> <!-- Default test -->
