<?xml version="1.0" encoding="UTF-8"?>
<!-- Generated by org.testng.reporters.JUnitXMLReporter -->
<testsuite ignored="0" hostname="DESKTOP-9LEBHP0" failures="0" tests="20" name="Test" time="22.58" errors="0" timestamp="2023-06-15T01:41:08 IST">
  <testcase classname="genprotask.Testcases" name="login_emptyFields" time="0.88"/>
  <testcase classname="genprotask.Testcases" name="login_emptyPassword" time="0.718"/>
  <testcase classname="genprotask.Testcases" name="login_emptyUsername" time="0.805"/>
  <testcase classname="genprotask.Testcases" name="login_invalidData" time="1.494"/>
  <testcase classname="genprotask.Testcases" name="login_validData" time="0.873"/>
  <testcase classname="genprotask.Testcases" name="products_sortLowtohigh" time="0.491"/>
  <testcase classname="genprotask.Testcases" name="products_addTocart" time="0.766"/>
  <testcase classname="genprotask.Testcases" name="cart_remove" time="0.482"/>
  <testcase classname="genprotask.Testcases" name="checkout_emptyFields" time="0.405"/>
  <testcase classname="genprotask.Testcases" name="checkout_onlyFirstname" time="1.582"/>
  <testcase classname="genprotask.Testcases" name="checkout_onlyLastname" time="0.805"/>
  <testcase classname="genprotask.Testcases" name="checkout_onlyZip" time="0.526"/>
  <testcase classname="genprotask.Testcases" name="checkout_noFirstname" time="0.708"/>
  <testcase classname="genprotask.Testcases" name="checkout_noLastname" time="0.587"/>
  <testcase classname="genprotask.Testcases" name="checkout_noZip" time="0.703"/>
  <testcase classname="genprotask.Testcases" name="checkout_validData" time="0.559"/>
  <testcase classname="genprotask.Testcases" name="checkout_itemTotal" time="0.209"/>
  <testcase classname="genprotask.Testcases" name="checkout_totalWithTax" time="0.077"/>
  <testcase classname="genprotask.Testcases" name="checkout_finishAndBackToHome" time="0.222"/>
  <testcase classname="genprotask.Testcases" name="logout" time="3.189"/>
</testsuite> <!-- Test -->
